<?xml version="1.0" encoding="UTF-8"?>
<!-- Generated by org.testng.reporters.JUnitReportReporter -->
<testsuite hostname="tariq-pc" failures="0" tests="1" name="RsestAssuredAutoamtion.PlaceOrder_TC_01" time="2.969" errors="0" timestamp="2023-07-02T13:02:05 CEST" skipped="0">
  <testcase classname="RsestAssuredAutoamtion.PlaceOrder_TC_01" name="sampleRestAssured" time="2.969"/>
  <system-out/>
</testsuite> <!-- RsestAssuredAutoamtion.PlaceOrder_TC_01 -->
