<?xml version="1.0" encoding="UTF-8"?>
<!-- Generated by org.testng.reporters.JUnitReportReporter -->
<testsuite hostname="tariq-pc" failures="0" tests="1" name="RsestAssuredAutoamtion.TC_01" time="3.871" errors="0" timestamp="2023-07-02T12:16:45 CEST" skipped="0">
  <testcase classname="RsestAssuredAutoamtion.TC_01" name="sampleRestAssured" time="3.871"/>
  <system-out/>
</testsuite> <!-- RsestAssuredAutoamtion.TC_01 -->
